Determining if the pthread_create exist failed with the following output:
Change Dir: /home/ahmed/catkin_ws/build/CMakeFiles/CMakeTmp

Run Build Command:"/usr/bin/make" "cmTC_89bac/fast"
/usr/bin/make -f CMakeFiles/cmTC_89bac.dir/build.make CMakeFiles/cmTC_89bac.dir/build
make[1]: Entering directory '/home/ahmed/catkin_ws/build/CMakeFiles/CMakeTmp'
Building C object CMakeFiles/cmTC_89bac.dir/CheckSymbolExists.c.o
/usr/bin/cc     -o CMakeFiles/cmTC_89bac.dir/CheckSymbolExists.c.o   -c /home/ahmed/catkin_ws/build/CMakeFiles/CMakeTmp/CheckSymbolExists.c
Linking C executable cmTC_89bac
/usr/bin/cmake -E cmake_link_script CMakeFiles/cmTC_89bac.dir/link.txt --verbose=1
/usr/bin/cc       CMakeFiles/cmTC_89bac.dir/CheckSymbolExists.c.o  -o cmTC_89bac -rdynamic 
CMakeFiles/cmTC_89bac.dir/CheckSymbolExists.c.o: In function `main':
CheckSymbolExists.c:(.text+0xe): undefined reference to `pthread_create'
CheckSymbolExists.c:(.text+0x12): undefined reference to `pthread_create'
collect2: error: ld returned 1 exit status
CMakeFiles/cmTC_89bac.dir/build.make:97: recipe for target 'cmTC_89bac' failed
make[1]: *** [cmTC_89bac] Error 1
make[1]: Leaving directory '/home/ahmed/catkin_ws/build/CMakeFiles/CMakeTmp'
Makefile:126: recipe for target 'cmTC_89bac/fast' failed
make: *** [cmTC_89bac/fast] Error 2

File /home/ahmed/catkin_ws/build/CMakeFiles/CMakeTmp/CheckSymbolExists.c:
/* */
#include <pthread.h>

int main(int argc, char** argv)
{
  (void)argv;
#ifndef pthread_create
  return ((int*)(&pthread_create))[argc];
#else
  (void)argc;
  return 0;
#endif
}

Determining if the function pthread_create exists in the pthreads failed with the following output:
Change Dir: /home/ahmed/catkin_ws/build/CMakeFiles/CMakeTmp

Run Build Command:"/usr/bin/make" "cmTC_5daea/fast"
/usr/bin/make -f CMakeFiles/cmTC_5daea.dir/build.make CMakeFiles/cmTC_5daea.dir/build
make[1]: Entering directory '/home/ahmed/catkin_ws/build/CMakeFiles/CMakeTmp'
Building C object CMakeFiles/cmTC_5daea.dir/CheckFunctionExists.c.o
/usr/bin/cc    -DCHECK_FUNCTION_EXISTS=pthread_create   -o CMakeFiles/cmTC_5daea.dir/CheckFunctionExists.c.o   -c /usr/share/cmake-3.5/Modules/CheckFunctionExists.c
Linking C executable cmTC_5daea
/usr/bin/cmake -E cmake_link_script CMakeFiles/cmTC_5daea.dir/link.txt --verbose=1
/usr/bin/cc   -DCHECK_FUNCTION_EXISTS=pthread_create    CMakeFiles/cmTC_5daea.dir/CheckFunctionExists.c.o  -o cmTC_5daea -rdynamic -lpthreads 
/usr/bin/ld: cannot find -lpthreads
collect2: error: ld returned 1 exit status
CMakeFiles/cmTC_5daea.dir/build.make:97: recipe for target 'cmTC_5daea' failed
make[1]: *** [cmTC_5daea] Error 1
make[1]: Leaving directory '/home/ahmed/catkin_ws/build/CMakeFiles/CMakeTmp'
Makefile:126: recipe for target 'cmTC_5daea/fast' failed
make: *** [cmTC_5daea/fast] Error 2


